Grammar

    0 $accept: sql $end

    1 sql: base_table_def
    2    | insert_statement

    3 base_table_def: CREATE_T TABLE_T NAME '(' base_table_element_list ')'

    4 base_table_element_list: base_table_element
    5                        | base_table_element_list ',' base_table_element

    6 base_table_element: column_def

    7 column_def: NAME data_type

    8 data_type: CHAR_T '(' INT_VAL_T ')'
    9          | INT_T
   10          | FLOAT_T

   11 insert_statement: INSERT_T INTO_T NAME VALUES_T '(' column_value_list ')'

   12 column_value_list: atom_value
   13                  | column_value_list ',' atom_value

   14 atom_value: INT_VAL_T
   15           | FLOAT_VAL_T
   16           | CHAR_VAL_T


Terminals, with rules where they appear

$end (0) 0
'(' (40) 3 8 11
')' (41) 3 8 11
',' (44) 5 13
error (256)
CREATE_T (258) 3
TABLE_T (259) 3
NAME (260) 3 7 11
INT_VAL_T (261) 8 14
FLOAT_VAL_T (262) 15
CHAR_VAL_T (263) 16
CHAR_T (264) 8
INT_T (265) 9
FLOAT_T (266) 10
INSERT_T (267) 11
INTO_T (268) 11
VALUES_T (269) 11


Nonterminals, with rules where they appear

$accept (18)
    on left: 0
sql (19)
    on left: 1 2, on right: 0
base_table_def (20)
    on left: 3, on right: 1
base_table_element_list (21)
    on left: 4 5, on right: 3 5
base_table_element (22)
    on left: 6, on right: 4 5
column_def (23)
    on left: 7, on right: 6
data_type (24)
    on left: 8 9 10, on right: 7
insert_statement (25)
    on left: 11, on right: 2
column_value_list (26)
    on left: 12 13, on right: 11 13
atom_value (27)
    on left: 14 15 16, on right: 12 13


state 0

    0 $accept: . sql $end

    CREATE_T  shift, and go to state 1
    INSERT_T  shift, and go to state 2

    sql               go to state 3
    base_table_def    go to state 4
    insert_statement  go to state 5


state 1

    3 base_table_def: CREATE_T . TABLE_T NAME '(' base_table_element_list ')'

    TABLE_T  shift, and go to state 6


state 2

   11 insert_statement: INSERT_T . INTO_T NAME VALUES_T '(' column_value_list ')'

    INTO_T  shift, and go to state 7


state 3

    0 $accept: sql . $end

    $end  shift, and go to state 8


state 4

    1 sql: base_table_def .

    $default  reduce using rule 1 (sql)


state 5

    2 sql: insert_statement .

    $default  reduce using rule 2 (sql)


state 6

    3 base_table_def: CREATE_T TABLE_T . NAME '(' base_table_element_list ')'

    NAME  shift, and go to state 9


state 7

   11 insert_statement: INSERT_T INTO_T . NAME VALUES_T '(' column_value_list ')'

    NAME  shift, and go to state 10


state 8

    0 $accept: sql $end .

    $default  accept


state 9

    3 base_table_def: CREATE_T TABLE_T NAME . '(' base_table_element_list ')'

    '('  shift, and go to state 11


state 10

   11 insert_statement: INSERT_T INTO_T NAME . VALUES_T '(' column_value_list ')'

    VALUES_T  shift, and go to state 12


state 11

    3 base_table_def: CREATE_T TABLE_T NAME '(' . base_table_element_list ')'

    NAME  shift, and go to state 13

    base_table_element_list  go to state 14
    base_table_element       go to state 15
    column_def               go to state 16


state 12

   11 insert_statement: INSERT_T INTO_T NAME VALUES_T . '(' column_value_list ')'

    '('  shift, and go to state 17


state 13

    7 column_def: NAME . data_type

    CHAR_T   shift, and go to state 18
    INT_T    shift, and go to state 19
    FLOAT_T  shift, and go to state 20

    data_type  go to state 21


state 14

    3 base_table_def: CREATE_T TABLE_T NAME '(' base_table_element_list . ')'
    5 base_table_element_list: base_table_element_list . ',' base_table_element

    ')'  shift, and go to state 22
    ','  shift, and go to state 23


state 15

    4 base_table_element_list: base_table_element .

    $default  reduce using rule 4 (base_table_element_list)


state 16

    6 base_table_element: column_def .

    $default  reduce using rule 6 (base_table_element)


state 17

   11 insert_statement: INSERT_T INTO_T NAME VALUES_T '(' . column_value_list ')'

    INT_VAL_T    shift, and go to state 24
    FLOAT_VAL_T  shift, and go to state 25
    CHAR_VAL_T   shift, and go to state 26

    column_value_list  go to state 27
    atom_value         go to state 28


state 18

    8 data_type: CHAR_T . '(' INT_VAL_T ')'

    '('  shift, and go to state 29


state 19

    9 data_type: INT_T .

    $default  reduce using rule 9 (data_type)


state 20

   10 data_type: FLOAT_T .

    $default  reduce using rule 10 (data_type)


state 21

    7 column_def: NAME data_type .

    $default  reduce using rule 7 (column_def)


state 22

    3 base_table_def: CREATE_T TABLE_T NAME '(' base_table_element_list ')' .

    $default  reduce using rule 3 (base_table_def)


state 23

    5 base_table_element_list: base_table_element_list ',' . base_table_element

    NAME  shift, and go to state 13

    base_table_element  go to state 30
    column_def          go to state 16


state 24

   14 atom_value: INT_VAL_T .

    $default  reduce using rule 14 (atom_value)


state 25

   15 atom_value: FLOAT_VAL_T .

    $default  reduce using rule 15 (atom_value)


state 26

   16 atom_value: CHAR_VAL_T .

    $default  reduce using rule 16 (atom_value)


state 27

   11 insert_statement: INSERT_T INTO_T NAME VALUES_T '(' column_value_list . ')'
   13 column_value_list: column_value_list . ',' atom_value

    ')'  shift, and go to state 31
    ','  shift, and go to state 32


state 28

   12 column_value_list: atom_value .

    $default  reduce using rule 12 (column_value_list)


state 29

    8 data_type: CHAR_T '(' . INT_VAL_T ')'

    INT_VAL_T  shift, and go to state 33


state 30

    5 base_table_element_list: base_table_element_list ',' base_table_element .

    $default  reduce using rule 5 (base_table_element_list)


state 31

   11 insert_statement: INSERT_T INTO_T NAME VALUES_T '(' column_value_list ')' .

    $default  reduce using rule 11 (insert_statement)


state 32

   13 column_value_list: column_value_list ',' . atom_value

    INT_VAL_T    shift, and go to state 24
    FLOAT_VAL_T  shift, and go to state 25
    CHAR_VAL_T   shift, and go to state 26

    atom_value  go to state 34


state 33

    8 data_type: CHAR_T '(' INT_VAL_T . ')'

    ')'  shift, and go to state 35


state 34

   13 column_value_list: column_value_list ',' atom_value .

    $default  reduce using rule 13 (column_value_list)


state 35

    8 data_type: CHAR_T '(' INT_VAL_T ')' .

    $default  reduce using rule 8 (data_type)
